2018-09-30 16:50:12,697 - SimpleLog4JLogSystem initialized using logfile 'velocity.log'
2018-09-30 16:50:12,697 - ************************************************************** 
2018-09-30 16:50:12,697 - Starting Jakarta Velocity v1.4
2018-09-30 16:50:12,697 - RuntimeInstance initializing.
2018-09-30 16:50:12,697 - Default Properties File: org/apache/velocity/runtime/defaults/velocity.properties
2018-09-30 16:50:12,697 - Trying to use logger class org.apache.velocity.runtime.log.SimpleLog4JLogSystem
2018-09-30 16:50:12,697 - Using logger class org.apache.velocity.runtime.log.SimpleLog4JLogSystem
2018-09-30 16:50:12,704 - Default ResourceManager initializing. (class org.apache.velocity.runtime.resource.ResourceManagerImpl)
2018-09-30 16:50:12,711 - Resource Loader Instantiated: org.apache.velocity.runtime.resource.loader.ClasspathResourceLoader
2018-09-30 16:50:12,711 - ClasspathResourceLoader : initialization starting.
2018-09-30 16:50:12,711 - ClasspathResourceLoader : initialization complete.
2018-09-30 16:50:12,715 - ResourceCache : initialized. (class org.apache.velocity.runtime.resource.ResourceCacheImpl)
2018-09-30 16:50:12,715 - Default ResourceManager initialization complete.
2018-09-30 16:50:12,719 - Loaded System Directive: org.apache.velocity.runtime.directive.Literal
2018-09-30 16:50:12,722 - Loaded System Directive: org.apache.velocity.runtime.directive.Macro
2018-09-30 16:50:12,728 - Loaded System Directive: org.apache.velocity.runtime.directive.Parse
2018-09-30 16:50:12,732 - Loaded System Directive: org.apache.velocity.runtime.directive.Include
2018-09-30 16:50:12,734 - Loaded System Directive: org.apache.velocity.runtime.directive.Foreach
2018-09-30 16:50:12,772 - Created: 20 parsers.
2018-09-30 16:50:12,789 - Velocimacro : initialization starting.
2018-09-30 16:50:12,789 - Velocimacro : adding VMs from VM library template : VM_global_library.vm
2018-09-30 16:50:12,796 - ResourceManager : unable to find resource 'VM_global_library.vm' in any resource loader.
2018-09-30 16:50:12,797 - Velocimacro : error using  VM library template VM_global_library.vm : org.apache.velocity.exception.ResourceNotFoundException: Unable to find resource 'VM_global_library.vm'
2018-09-30 16:50:12,797 - Velocimacro :  VM library template macro registration complete.
2018-09-30 16:50:12,797 - Velocimacro : allowInline = true : VMs can be defined inline in templates
2018-09-30 16:50:12,797 - Velocimacro : allowInlineToOverride = false : VMs defined inline may NOT replace previous VM definitions
2018-09-30 16:50:12,797 - Velocimacro : allowInlineLocal = false : VMs defined inline will be  global in scope if allowed.
2018-09-30 16:50:12,797 - Velocimacro : messages on  : VM system will output logging messages
2018-09-30 16:50:12,797 - Velocimacro : autoload off  : VM system will not automatically reload global library macros
2018-09-30 16:50:12,797 - Velocimacro : initialization complete.
2018-09-30 16:50:12,797 - Velocity successfully started.
2018-09-30 16:53:31,518 - SimpleLog4JLogSystem initialized using logfile 'velocity.log'
2018-09-30 16:53:31,521 - ************************************************************** 
2018-09-30 16:53:31,521 - Starting Jakarta Velocity v1.4
2018-09-30 16:53:31,521 - RuntimeInstance initializing.
2018-09-30 16:53:31,521 - Default Properties File: org/apache/velocity/runtime/defaults/velocity.properties
2018-09-30 16:53:31,521 - Trying to use logger class org.apache.velocity.runtime.log.SimpleLog4JLogSystem
2018-09-30 16:53:31,521 - Using logger class org.apache.velocity.runtime.log.SimpleLog4JLogSystem
2018-09-30 16:53:31,527 - Default ResourceManager initializing. (class org.apache.velocity.runtime.resource.ResourceManagerImpl)
2018-09-30 16:53:31,533 - Resource Loader Instantiated: org.apache.velocity.runtime.resource.loader.ClasspathResourceLoader
2018-09-30 16:53:31,533 - ClasspathResourceLoader : initialization starting.
2018-09-30 16:53:31,533 - ClasspathResourceLoader : initialization complete.
2018-09-30 16:53:31,537 - ResourceCache : initialized. (class org.apache.velocity.runtime.resource.ResourceCacheImpl)
2018-09-30 16:53:31,537 - Default ResourceManager initialization complete.
2018-09-30 16:53:31,541 - Loaded System Directive: org.apache.velocity.runtime.directive.Literal
2018-09-30 16:53:31,545 - Loaded System Directive: org.apache.velocity.runtime.directive.Macro
2018-09-30 16:53:31,551 - Loaded System Directive: org.apache.velocity.runtime.directive.Parse
2018-09-30 16:53:31,555 - Loaded System Directive: org.apache.velocity.runtime.directive.Include
2018-09-30 16:53:31,557 - Loaded System Directive: org.apache.velocity.runtime.directive.Foreach
2018-09-30 16:53:31,597 - Created: 20 parsers.
2018-09-30 16:53:31,611 - Velocimacro : initialization starting.
2018-09-30 16:53:31,611 - Velocimacro : adding VMs from VM library template : VM_global_library.vm
2018-09-30 16:53:31,617 - ResourceManager : unable to find resource 'VM_global_library.vm' in any resource loader.
2018-09-30 16:53:31,617 - Velocimacro : error using  VM library template VM_global_library.vm : org.apache.velocity.exception.ResourceNotFoundException: Unable to find resource 'VM_global_library.vm'
2018-09-30 16:53:31,617 - Velocimacro :  VM library template macro registration complete.
2018-09-30 16:53:31,617 - Velocimacro : allowInline = true : VMs can be defined inline in templates
2018-09-30 16:53:31,617 - Velocimacro : allowInlineToOverride = false : VMs defined inline may NOT replace previous VM definitions
2018-09-30 16:53:31,617 - Velocimacro : allowInlineLocal = false : VMs defined inline will be  global in scope if allowed.
2018-09-30 16:53:31,617 - Velocimacro : messages on  : VM system will output logging messages
2018-09-30 16:53:31,617 - Velocimacro : autoload off  : VM system will not automatically reload global library macros
2018-09-30 16:53:31,617 - Velocimacro : initialization complete.
2018-09-30 16:53:31,617 - Velocity successfully started.
2018-09-30 16:56:37,999 - ResourceManager : found repast/simphony/scenario/Scenario.vt with loader org.apache.velocity.runtime.resource.loader.ClasspathResourceLoader
2018-09-30 17:02:14,515 - SimpleLog4JLogSystem initialized using logfile 'velocity.log'
2018-09-30 17:02:14,516 - ************************************************************** 
2018-09-30 17:02:14,516 - Starting Jakarta Velocity v1.4
2018-09-30 17:02:14,516 - RuntimeInstance initializing.
2018-09-30 17:02:14,516 - Default Properties File: org/apache/velocity/runtime/defaults/velocity.properties
2018-09-30 17:02:14,516 - Trying to use logger class org.apache.velocity.runtime.log.SimpleLog4JLogSystem
2018-09-30 17:02:14,516 - Using logger class org.apache.velocity.runtime.log.SimpleLog4JLogSystem
2018-09-30 17:02:14,524 - Default ResourceManager initializing. (class org.apache.velocity.runtime.resource.ResourceManagerImpl)
2018-09-30 17:02:14,531 - Resource Loader Instantiated: org.apache.velocity.runtime.resource.loader.ClasspathResourceLoader
2018-09-30 17:02:14,531 - ClasspathResourceLoader : initialization starting.
2018-09-30 17:02:14,531 - ClasspathResourceLoader : initialization complete.
2018-09-30 17:02:14,536 - ResourceCache : initialized. (class org.apache.velocity.runtime.resource.ResourceCacheImpl)
2018-09-30 17:02:14,536 - Default ResourceManager initialization complete.
2018-09-30 17:02:14,541 - Loaded System Directive: org.apache.velocity.runtime.directive.Literal
2018-09-30 17:02:14,546 - Loaded System Directive: org.apache.velocity.runtime.directive.Macro
2018-09-30 17:02:14,553 - Loaded System Directive: org.apache.velocity.runtime.directive.Parse
2018-09-30 17:02:14,557 - Loaded System Directive: org.apache.velocity.runtime.directive.Include
2018-09-30 17:02:14,560 - Loaded System Directive: org.apache.velocity.runtime.directive.Foreach
2018-09-30 17:02:14,605 - Created: 20 parsers.
2018-09-30 17:02:14,626 - Velocimacro : initialization starting.
2018-09-30 17:02:14,626 - Velocimacro : adding VMs from VM library template : VM_global_library.vm
2018-09-30 17:02:14,630 - ResourceManager : unable to find resource 'VM_global_library.vm' in any resource loader.
2018-09-30 17:02:14,630 - Velocimacro : error using  VM library template VM_global_library.vm : org.apache.velocity.exception.ResourceNotFoundException: Unable to find resource 'VM_global_library.vm'
2018-09-30 17:02:14,630 - Velocimacro :  VM library template macro registration complete.
2018-09-30 17:02:14,630 - Velocimacro : allowInline = true : VMs can be defined inline in templates
2018-09-30 17:02:14,630 - Velocimacro : allowInlineToOverride = false : VMs defined inline may NOT replace previous VM definitions
2018-09-30 17:02:14,630 - Velocimacro : allowInlineLocal = false : VMs defined inline will be  global in scope if allowed.
2018-09-30 17:02:14,631 - Velocimacro : messages on  : VM system will output logging messages
2018-09-30 17:02:14,631 - Velocimacro : autoload off  : VM system will not automatically reload global library macros
2018-09-30 17:02:14,631 - Velocimacro : initialization complete.
2018-09-30 17:02:14,631 - Velocity successfully started.
2018-09-30 17:07:12,555 - ResourceManager : found repast/simphony/scenario/Scenario.vt with loader org.apache.velocity.runtime.resource.loader.ClasspathResourceLoader
2018-09-30 17:09:35,158 - SimpleLog4JLogSystem initialized using logfile 'velocity.log'
2018-09-30 17:09:35,160 - ************************************************************** 
2018-09-30 17:09:35,160 - Starting Jakarta Velocity v1.4
2018-09-30 17:09:35,160 - RuntimeInstance initializing.
2018-09-30 17:09:35,160 - Default Properties File: org/apache/velocity/runtime/defaults/velocity.properties
2018-09-30 17:09:35,160 - Trying to use logger class org.apache.velocity.runtime.log.SimpleLog4JLogSystem
2018-09-30 17:09:35,160 - Using logger class org.apache.velocity.runtime.log.SimpleLog4JLogSystem
2018-09-30 17:09:35,167 - Default ResourceManager initializing. (class org.apache.velocity.runtime.resource.ResourceManagerImpl)
2018-09-30 17:09:35,173 - Resource Loader Instantiated: org.apache.velocity.runtime.resource.loader.ClasspathResourceLoader
2018-09-30 17:09:35,173 - ClasspathResourceLoader : initialization starting.
2018-09-30 17:09:35,173 - ClasspathResourceLoader : initialization complete.
2018-09-30 17:09:35,176 - ResourceCache : initialized. (class org.apache.velocity.runtime.resource.ResourceCacheImpl)
2018-09-30 17:09:35,176 - Default ResourceManager initialization complete.
2018-09-30 17:09:35,180 - Loaded System Directive: org.apache.velocity.runtime.directive.Literal
2018-09-30 17:09:35,184 - Loaded System Directive: org.apache.velocity.runtime.directive.Macro
2018-09-30 17:09:35,190 - Loaded System Directive: org.apache.velocity.runtime.directive.Parse
2018-09-30 17:09:35,194 - Loaded System Directive: org.apache.velocity.runtime.directive.Include
2018-09-30 17:09:35,196 - Loaded System Directive: org.apache.velocity.runtime.directive.Foreach
2018-09-30 17:09:35,233 - Created: 20 parsers.
2018-09-30 17:09:35,250 - Velocimacro : initialization starting.
2018-09-30 17:09:35,250 - Velocimacro : adding VMs from VM library template : VM_global_library.vm
2018-09-30 17:09:35,257 - ResourceManager : unable to find resource 'VM_global_library.vm' in any resource loader.
2018-09-30 17:09:35,257 - Velocimacro : error using  VM library template VM_global_library.vm : org.apache.velocity.exception.ResourceNotFoundException: Unable to find resource 'VM_global_library.vm'
2018-09-30 17:09:35,257 - Velocimacro :  VM library template macro registration complete.
2018-09-30 17:09:35,257 - Velocimacro : allowInline = true : VMs can be defined inline in templates
2018-09-30 17:09:35,257 - Velocimacro : allowInlineToOverride = false : VMs defined inline may NOT replace previous VM definitions
2018-09-30 17:09:35,258 - Velocimacro : allowInlineLocal = false : VMs defined inline will be  global in scope if allowed.
2018-09-30 17:09:35,258 - Velocimacro : messages on  : VM system will output logging messages
2018-09-30 17:09:35,258 - Velocimacro : autoload off  : VM system will not automatically reload global library macros
2018-09-30 17:09:35,258 - Velocimacro : initialization complete.
2018-09-30 17:09:35,258 - Velocity successfully started.
2018-09-30 17:19:00,922 - ResourceManager : found repast/simphony/scenario/Scenario.vt with loader org.apache.velocity.runtime.resource.loader.ClasspathResourceLoader
2018-09-30 17:20:12,915 - SimpleLog4JLogSystem initialized using logfile 'velocity.log'
2018-09-30 17:20:12,915 - ************************************************************** 
2018-09-30 17:20:12,915 - Starting Jakarta Velocity v1.4
2018-09-30 17:20:12,915 - RuntimeInstance initializing.
2018-09-30 17:20:12,915 - Default Properties File: org/apache/velocity/runtime/defaults/velocity.properties
2018-09-30 17:20:12,915 - Trying to use logger class org.apache.velocity.runtime.log.SimpleLog4JLogSystem
2018-09-30 17:20:12,915 - Using logger class org.apache.velocity.runtime.log.SimpleLog4JLogSystem
2018-09-30 17:20:12,922 - Default ResourceManager initializing. (class org.apache.velocity.runtime.resource.ResourceManagerImpl)
2018-09-30 17:20:12,928 - Resource Loader Instantiated: org.apache.velocity.runtime.resource.loader.ClasspathResourceLoader
2018-09-30 17:20:12,929 - ClasspathResourceLoader : initialization starting.
2018-09-30 17:20:12,929 - ClasspathResourceLoader : initialization complete.
2018-09-30 17:20:12,932 - ResourceCache : initialized. (class org.apache.velocity.runtime.resource.ResourceCacheImpl)
2018-09-30 17:20:12,932 - Default ResourceManager initialization complete.
2018-09-30 17:20:12,936 - Loaded System Directive: org.apache.velocity.runtime.directive.Literal
2018-09-30 17:20:12,941 - Loaded System Directive: org.apache.velocity.runtime.directive.Macro
2018-09-30 17:20:12,946 - Loaded System Directive: org.apache.velocity.runtime.directive.Parse
2018-09-30 17:20:12,950 - Loaded System Directive: org.apache.velocity.runtime.directive.Include
2018-09-30 17:20:12,952 - Loaded System Directive: org.apache.velocity.runtime.directive.Foreach
2018-09-30 17:20:12,990 - Created: 20 parsers.
2018-09-30 17:20:13,007 - Velocimacro : initialization starting.
2018-09-30 17:20:13,007 - Velocimacro : adding VMs from VM library template : VM_global_library.vm
2018-09-30 17:20:13,014 - ResourceManager : unable to find resource 'VM_global_library.vm' in any resource loader.
2018-09-30 17:20:13,014 - Velocimacro : error using  VM library template VM_global_library.vm : org.apache.velocity.exception.ResourceNotFoundException: Unable to find resource 'VM_global_library.vm'
2018-09-30 17:20:13,014 - Velocimacro :  VM library template macro registration complete.
2018-09-30 17:20:13,014 - Velocimacro : allowInline = true : VMs can be defined inline in templates
2018-09-30 17:20:13,014 - Velocimacro : allowInlineToOverride = false : VMs defined inline may NOT replace previous VM definitions
2018-09-30 17:20:13,014 - Velocimacro : allowInlineLocal = false : VMs defined inline will be  global in scope if allowed.
2018-09-30 17:20:13,014 - Velocimacro : messages on  : VM system will output logging messages
2018-09-30 17:20:13,014 - Velocimacro : autoload off  : VM system will not automatically reload global library macros
2018-09-30 17:20:13,014 - Velocimacro : initialization complete.
2018-09-30 17:20:13,014 - Velocity successfully started.
2018-09-30 17:23:01,607 - ResourceManager : found repast/simphony/scenario/Scenario.vt with loader org.apache.velocity.runtime.resource.loader.ClasspathResourceLoader
2018-09-30 17:23:15,727 - SimpleLog4JLogSystem initialized using logfile 'velocity.log'
2018-09-30 17:23:15,728 - ************************************************************** 
2018-09-30 17:23:15,728 - Starting Jakarta Velocity v1.4
2018-09-30 17:23:15,728 - RuntimeInstance initializing.
2018-09-30 17:23:15,728 - Default Properties File: org/apache/velocity/runtime/defaults/velocity.properties
2018-09-30 17:23:15,728 - Trying to use logger class org.apache.velocity.runtime.log.SimpleLog4JLogSystem
2018-09-30 17:23:15,728 - Using logger class org.apache.velocity.runtime.log.SimpleLog4JLogSystem
2018-09-30 17:23:15,735 - Default ResourceManager initializing. (class org.apache.velocity.runtime.resource.ResourceManagerImpl)
2018-09-30 17:23:15,743 - Resource Loader Instantiated: org.apache.velocity.runtime.resource.loader.ClasspathResourceLoader
2018-09-30 17:23:15,743 - ClasspathResourceLoader : initialization starting.
2018-09-30 17:23:15,743 - ClasspathResourceLoader : initialization complete.
2018-09-30 17:23:15,747 - ResourceCache : initialized. (class org.apache.velocity.runtime.resource.ResourceCacheImpl)
2018-09-30 17:23:15,747 - Default ResourceManager initialization complete.
2018-09-30 17:23:15,751 - Loaded System Directive: org.apache.velocity.runtime.directive.Literal
2018-09-30 17:23:15,756 - Loaded System Directive: org.apache.velocity.runtime.directive.Macro
2018-09-30 17:23:15,763 - Loaded System Directive: org.apache.velocity.runtime.directive.Parse
2018-09-30 17:23:15,768 - Loaded System Directive: org.apache.velocity.runtime.directive.Include
2018-09-30 17:23:15,770 - Loaded System Directive: org.apache.velocity.runtime.directive.Foreach
2018-09-30 17:23:15,808 - Created: 20 parsers.
2018-09-30 17:23:15,816 - Velocimacro : initialization starting.
2018-09-30 17:23:15,816 - Velocimacro : adding VMs from VM library template : VM_global_library.vm
2018-09-30 17:23:15,821 - ResourceManager : unable to find resource 'VM_global_library.vm' in any resource loader.
2018-09-30 17:23:15,821 - Velocimacro : error using  VM library template VM_global_library.vm : org.apache.velocity.exception.ResourceNotFoundException: Unable to find resource 'VM_global_library.vm'
2018-09-30 17:23:15,821 - Velocimacro :  VM library template macro registration complete.
2018-09-30 17:23:15,821 - Velocimacro : allowInline = true : VMs can be defined inline in templates
2018-09-30 17:23:15,821 - Velocimacro : allowInlineToOverride = false : VMs defined inline may NOT replace previous VM definitions
2018-09-30 17:23:15,821 - Velocimacro : allowInlineLocal = false : VMs defined inline will be  global in scope if allowed.
2018-09-30 17:23:15,821 - Velocimacro : messages on  : VM system will output logging messages
2018-09-30 17:23:15,821 - Velocimacro : autoload off  : VM system will not automatically reload global library macros
2018-09-30 17:23:15,821 - Velocimacro : initialization complete.
2018-09-30 17:23:15,821 - Velocity successfully started.
2018-09-30 17:25:02,373 - SimpleLog4JLogSystem initialized using logfile 'velocity.log'
2018-09-30 17:25:02,374 - ************************************************************** 
2018-09-30 17:25:02,374 - Starting Jakarta Velocity v1.4
2018-09-30 17:25:02,374 - RuntimeInstance initializing.
2018-09-30 17:25:02,374 - Default Properties File: org/apache/velocity/runtime/defaults/velocity.properties
2018-09-30 17:25:02,374 - Trying to use logger class org.apache.velocity.runtime.log.SimpleLog4JLogSystem
2018-09-30 17:25:02,374 - Using logger class org.apache.velocity.runtime.log.SimpleLog4JLogSystem
2018-09-30 17:25:02,382 - Default ResourceManager initializing. (class org.apache.velocity.runtime.resource.ResourceManagerImpl)
2018-09-30 17:25:02,389 - Resource Loader Instantiated: org.apache.velocity.runtime.resource.loader.ClasspathResourceLoader
2018-09-30 17:25:02,389 - ClasspathResourceLoader : initialization starting.
2018-09-30 17:25:02,389 - ClasspathResourceLoader : initialization complete.
2018-09-30 17:25:02,394 - ResourceCache : initialized. (class org.apache.velocity.runtime.resource.ResourceCacheImpl)
2018-09-30 17:25:02,394 - Default ResourceManager initialization complete.
2018-09-30 17:25:02,399 - Loaded System Directive: org.apache.velocity.runtime.directive.Literal
2018-09-30 17:25:02,405 - Loaded System Directive: org.apache.velocity.runtime.directive.Macro
2018-09-30 17:25:02,412 - Loaded System Directive: org.apache.velocity.runtime.directive.Parse
2018-09-30 17:25:02,417 - Loaded System Directive: org.apache.velocity.runtime.directive.Include
2018-09-30 17:25:02,420 - Loaded System Directive: org.apache.velocity.runtime.directive.Foreach
2018-09-30 17:25:02,468 - Created: 20 parsers.
2018-09-30 17:25:02,490 - Velocimacro : initialization starting.
2018-09-30 17:25:02,490 - Velocimacro : adding VMs from VM library template : VM_global_library.vm
2018-09-30 17:25:02,500 - ResourceManager : unable to find resource 'VM_global_library.vm' in any resource loader.
2018-09-30 17:25:02,500 - Velocimacro : error using  VM library template VM_global_library.vm : org.apache.velocity.exception.ResourceNotFoundException: Unable to find resource 'VM_global_library.vm'
2018-09-30 17:25:02,500 - Velocimacro :  VM library template macro registration complete.
2018-09-30 17:25:02,500 - Velocimacro : allowInline = true : VMs can be defined inline in templates
2018-09-30 17:25:02,500 - Velocimacro : allowInlineToOverride = false : VMs defined inline may NOT replace previous VM definitions
2018-09-30 17:25:02,500 - Velocimacro : allowInlineLocal = false : VMs defined inline will be  global in scope if allowed.
2018-09-30 17:25:02,500 - Velocimacro : messages on  : VM system will output logging messages
2018-09-30 17:25:02,500 - Velocimacro : autoload off  : VM system will not automatically reload global library macros
2018-09-30 17:25:02,500 - Velocimacro : initialization complete.
2018-09-30 17:25:02,500 - Velocity successfully started.
2018-09-30 18:51:19,309 - SimpleLog4JLogSystem initialized using logfile 'velocity.log'
2018-09-30 18:51:19,309 - ************************************************************** 
2018-09-30 18:51:19,310 - Starting Jakarta Velocity v1.4
2018-09-30 18:51:19,310 - RuntimeInstance initializing.
2018-09-30 18:51:19,310 - Default Properties File: org/apache/velocity/runtime/defaults/velocity.properties
2018-09-30 18:51:19,310 - Trying to use logger class org.apache.velocity.runtime.log.SimpleLog4JLogSystem
2018-09-30 18:51:19,310 - Using logger class org.apache.velocity.runtime.log.SimpleLog4JLogSystem
2018-09-30 18:51:19,316 - Default ResourceManager initializing. (class org.apache.velocity.runtime.resource.ResourceManagerImpl)
2018-09-30 18:51:19,323 - Resource Loader Instantiated: org.apache.velocity.runtime.resource.loader.ClasspathResourceLoader
2018-09-30 18:51:19,323 - ClasspathResourceLoader : initialization starting.
2018-09-30 18:51:19,323 - ClasspathResourceLoader : initialization complete.
2018-09-30 18:51:19,327 - ResourceCache : initialized. (class org.apache.velocity.runtime.resource.ResourceCacheImpl)
2018-09-30 18:51:19,327 - Default ResourceManager initialization complete.
2018-09-30 18:51:19,332 - Loaded System Directive: org.apache.velocity.runtime.directive.Literal
2018-09-30 18:51:19,336 - Loaded System Directive: org.apache.velocity.runtime.directive.Macro
2018-09-30 18:51:19,342 - Loaded System Directive: org.apache.velocity.runtime.directive.Parse
2018-09-30 18:51:19,345 - Loaded System Directive: org.apache.velocity.runtime.directive.Include
2018-09-30 18:51:19,347 - Loaded System Directive: org.apache.velocity.runtime.directive.Foreach
2018-09-30 18:51:19,382 - Created: 20 parsers.
2018-09-30 18:51:19,389 - Velocimacro : initialization starting.
2018-09-30 18:51:19,390 - Velocimacro : adding VMs from VM library template : VM_global_library.vm
2018-09-30 18:51:19,394 - ResourceManager : unable to find resource 'VM_global_library.vm' in any resource loader.
2018-09-30 18:51:19,394 - Velocimacro : error using  VM library template VM_global_library.vm : org.apache.velocity.exception.ResourceNotFoundException: Unable to find resource 'VM_global_library.vm'
2018-09-30 18:51:19,394 - Velocimacro :  VM library template macro registration complete.
2018-09-30 18:51:19,394 - Velocimacro : allowInline = true : VMs can be defined inline in templates
2018-09-30 18:51:19,395 - Velocimacro : allowInlineToOverride = false : VMs defined inline may NOT replace previous VM definitions
2018-09-30 18:51:19,395 - Velocimacro : allowInlineLocal = false : VMs defined inline will be  global in scope if allowed.
2018-09-30 18:51:19,395 - Velocimacro : messages on  : VM system will output logging messages
2018-09-30 18:51:19,395 - Velocimacro : autoload off  : VM system will not automatically reload global library macros
2018-09-30 18:51:19,395 - Velocimacro : initialization complete.
2018-09-30 18:51:19,395 - Velocity successfully started.
2018-09-30 18:52:48,508 - ResourceManager : found repast/simphony/scenario/Scenario.vt with loader org.apache.velocity.runtime.resource.loader.ClasspathResourceLoader
<<<<<<< HEAD
2018-10-04 15:41:13,939 - SimpleLog4JLogSystem initialized using logfile 'velocity.log'
2018-10-04 15:41:13,949 - ************************************************************** 
2018-10-04 15:41:13,949 - Starting Jakarta Velocity v1.4
2018-10-04 15:41:13,949 - RuntimeInstance initializing.
2018-10-04 15:41:13,949 - Default Properties File: org/apache/velocity/runtime/defaults/velocity.properties
2018-10-04 15:41:13,949 - Trying to use logger class org.apache.velocity.runtime.log.SimpleLog4JLogSystem
2018-10-04 15:41:13,949 - Using logger class org.apache.velocity.runtime.log.SimpleLog4JLogSystem
2018-10-04 15:41:13,956 - Default ResourceManager initializing. (class org.apache.velocity.runtime.resource.ResourceManagerImpl)
2018-10-04 15:41:13,963 - Resource Loader Instantiated: org.apache.velocity.runtime.resource.loader.ClasspathResourceLoader
2018-10-04 15:41:13,963 - ClasspathResourceLoader : initialization starting.
2018-10-04 15:41:13,963 - ClasspathResourceLoader : initialization complete.
2018-10-04 15:41:13,967 - ResourceCache : initialized. (class org.apache.velocity.runtime.resource.ResourceCacheImpl)
2018-10-04 15:41:13,968 - Default ResourceManager initialization complete.
2018-10-04 15:41:13,972 - Loaded System Directive: org.apache.velocity.runtime.directive.Literal
2018-10-04 15:41:13,976 - Loaded System Directive: org.apache.velocity.runtime.directive.Macro
2018-10-04 15:41:13,982 - Loaded System Directive: org.apache.velocity.runtime.directive.Parse
2018-10-04 15:41:13,986 - Loaded System Directive: org.apache.velocity.runtime.directive.Include
2018-10-04 15:41:13,988 - Loaded System Directive: org.apache.velocity.runtime.directive.Foreach
2018-10-04 15:41:14,030 - Created: 20 parsers.
2018-10-04 15:41:14,050 - Velocimacro : initialization starting.
2018-10-04 15:41:14,050 - Velocimacro : adding VMs from VM library template : VM_global_library.vm
2018-10-04 15:41:14,059 - ResourceManager : unable to find resource 'VM_global_library.vm' in any resource loader.
2018-10-04 15:41:14,059 - Velocimacro : error using  VM library template VM_global_library.vm : org.apache.velocity.exception.ResourceNotFoundException: Unable to find resource 'VM_global_library.vm'
2018-10-04 15:41:14,059 - Velocimacro :  VM library template macro registration complete.
2018-10-04 15:41:14,059 - Velocimacro : allowInline = true : VMs can be defined inline in templates
2018-10-04 15:41:14,059 - Velocimacro : allowInlineToOverride = false : VMs defined inline may NOT replace previous VM definitions
2018-10-04 15:41:14,059 - Velocimacro : allowInlineLocal = false : VMs defined inline will be  global in scope if allowed.
2018-10-04 15:41:14,059 - Velocimacro : messages on  : VM system will output logging messages
2018-10-04 15:41:14,059 - Velocimacro : autoload off  : VM system will not automatically reload global library macros
2018-10-04 15:41:14,060 - Velocimacro : initialization complete.
2018-10-04 15:41:14,060 - Velocity successfully started.
2018-10-18 12:05:31,009 - SimpleLog4JLogSystem initialized using logfile 'velocity.log'
2018-10-18 12:05:31,010 - ************************************************************** 
2018-10-18 12:05:31,010 - Starting Jakarta Velocity v1.4
2018-10-18 12:05:31,010 - RuntimeInstance initializing.
2018-10-18 12:05:31,010 - Default Properties File: org/apache/velocity/runtime/defaults/velocity.properties
2018-10-18 12:05:31,010 - Trying to use logger class org.apache.velocity.runtime.log.SimpleLog4JLogSystem
2018-10-18 12:05:31,010 - Using logger class org.apache.velocity.runtime.log.SimpleLog4JLogSystem
2018-10-18 12:05:31,018 - Default ResourceManager initializing. (class org.apache.velocity.runtime.resource.ResourceManagerImpl)
2018-10-18 12:05:31,026 - Resource Loader Instantiated: org.apache.velocity.runtime.resource.loader.ClasspathResourceLoader
2018-10-18 12:05:31,026 - ClasspathResourceLoader : initialization starting.
2018-10-18 12:05:31,026 - ClasspathResourceLoader : initialization complete.
2018-10-18 12:05:31,031 - ResourceCache : initialized. (class org.apache.velocity.runtime.resource.ResourceCacheImpl)
2018-10-18 12:05:31,031 - Default ResourceManager initialization complete.
2018-10-18 12:05:31,036 - Loaded System Directive: org.apache.velocity.runtime.directive.Literal
2018-10-18 12:05:31,041 - Loaded System Directive: org.apache.velocity.runtime.directive.Macro
2018-10-18 12:05:31,048 - Loaded System Directive: org.apache.velocity.runtime.directive.Parse
2018-10-18 12:05:31,054 - Loaded System Directive: org.apache.velocity.runtime.directive.Include
2018-10-18 12:05:31,056 - Loaded System Directive: org.apache.velocity.runtime.directive.Foreach
2018-10-18 12:05:31,107 - Created: 20 parsers.
2018-10-18 12:05:31,135 - Velocimacro : initialization starting.
2018-10-18 12:05:31,135 - Velocimacro : adding VMs from VM library template : VM_global_library.vm
2018-10-18 12:05:31,140 - ResourceManager : unable to find resource 'VM_global_library.vm' in any resource loader.
2018-10-18 12:05:31,140 - Velocimacro : error using  VM library template VM_global_library.vm : org.apache.velocity.exception.ResourceNotFoundException: Unable to find resource 'VM_global_library.vm'
2018-10-18 12:05:31,140 - Velocimacro :  VM library template macro registration complete.
2018-10-18 12:05:31,141 - Velocimacro : allowInline = true : VMs can be defined inline in templates
2018-10-18 12:05:31,141 - Velocimacro : allowInlineToOverride = false : VMs defined inline may NOT replace previous VM definitions
2018-10-18 12:05:31,141 - Velocimacro : allowInlineLocal = false : VMs defined inline will be  global in scope if allowed.
2018-10-18 12:05:31,141 - Velocimacro : messages on  : VM system will output logging messages
2018-10-18 12:05:31,141 - Velocimacro : autoload off  : VM system will not automatically reload global library macros
2018-10-18 12:05:31,141 - Velocimacro : initialization complete.
2018-10-18 12:05:31,141 - Velocity successfully started.
2018-10-18 13:52:13,646 - SimpleLog4JLogSystem initialized using logfile 'velocity.log'
2018-10-18 13:52:13,649 - ************************************************************** 
2018-10-18 13:52:13,649 - Starting Jakarta Velocity v1.4
2018-10-18 13:52:13,649 - RuntimeInstance initializing.
2018-10-18 13:52:13,649 - Default Properties File: org/apache/velocity/runtime/defaults/velocity.properties
2018-10-18 13:52:13,649 - Trying to use logger class org.apache.velocity.runtime.log.SimpleLog4JLogSystem
2018-10-18 13:52:13,649 - Using logger class org.apache.velocity.runtime.log.SimpleLog4JLogSystem
2018-10-18 13:52:13,655 - Default ResourceManager initializing. (class org.apache.velocity.runtime.resource.ResourceManagerImpl)
2018-10-18 13:52:13,662 - Resource Loader Instantiated: org.apache.velocity.runtime.resource.loader.ClasspathResourceLoader
2018-10-18 13:52:13,662 - ClasspathResourceLoader : initialization starting.
2018-10-18 13:52:13,662 - ClasspathResourceLoader : initialization complete.
2018-10-18 13:52:13,665 - ResourceCache : initialized. (class org.apache.velocity.runtime.resource.ResourceCacheImpl)
2018-10-18 13:52:13,665 - Default ResourceManager initialization complete.
2018-10-18 13:52:13,669 - Loaded System Directive: org.apache.velocity.runtime.directive.Literal
2018-10-18 13:52:13,673 - Loaded System Directive: org.apache.velocity.runtime.directive.Macro
2018-10-18 13:52:13,679 - Loaded System Directive: org.apache.velocity.runtime.directive.Parse
2018-10-18 13:52:13,683 - Loaded System Directive: org.apache.velocity.runtime.directive.Include
2018-10-18 13:52:13,685 - Loaded System Directive: org.apache.velocity.runtime.directive.Foreach
2018-10-18 13:52:13,722 - Created: 20 parsers.
2018-10-18 13:52:13,741 - Velocimacro : initialization starting.
2018-10-18 13:52:13,741 - Velocimacro : adding VMs from VM library template : VM_global_library.vm
2018-10-18 13:52:13,749 - ResourceManager : unable to find resource 'VM_global_library.vm' in any resource loader.
2018-10-18 13:52:13,749 - Velocimacro : error using  VM library template VM_global_library.vm : org.apache.velocity.exception.ResourceNotFoundException: Unable to find resource 'VM_global_library.vm'
2018-10-18 13:52:13,749 - Velocimacro :  VM library template macro registration complete.
2018-10-18 13:52:13,749 - Velocimacro : allowInline = true : VMs can be defined inline in templates
2018-10-18 13:52:13,749 - Velocimacro : allowInlineToOverride = false : VMs defined inline may NOT replace previous VM definitions
2018-10-18 13:52:13,749 - Velocimacro : allowInlineLocal = false : VMs defined inline will be  global in scope if allowed.
2018-10-18 13:52:13,749 - Velocimacro : messages on  : VM system will output logging messages
2018-10-18 13:52:13,749 - Velocimacro : autoload off  : VM system will not automatically reload global library macros
2018-10-18 13:52:13,749 - Velocimacro : initialization complete.
2018-10-18 13:52:13,749 - Velocity successfully started.
2018-10-21 18:15:17,889 - SimpleLog4JLogSystem initialized using logfile 'velocity.log'
2018-10-21 18:15:17,890 - ************************************************************** 
2018-10-21 18:15:17,890 - Starting Jakarta Velocity v1.4
2018-10-21 18:15:17,890 - RuntimeInstance initializing.
2018-10-21 18:15:17,890 - Default Properties File: org/apache/velocity/runtime/defaults/velocity.properties
2018-10-21 18:15:17,890 - Trying to use logger class org.apache.velocity.runtime.log.SimpleLog4JLogSystem
2018-10-21 18:15:17,890 - Using logger class org.apache.velocity.runtime.log.SimpleLog4JLogSystem
2018-10-21 18:15:17,897 - Default ResourceManager initializing. (class org.apache.velocity.runtime.resource.ResourceManagerImpl)
2018-10-21 18:15:17,904 - Resource Loader Instantiated: org.apache.velocity.runtime.resource.loader.ClasspathResourceLoader
2018-10-21 18:15:17,904 - ClasspathResourceLoader : initialization starting.
2018-10-21 18:15:17,904 - ClasspathResourceLoader : initialization complete.
2018-10-21 18:15:17,908 - ResourceCache : initialized. (class org.apache.velocity.runtime.resource.ResourceCacheImpl)
2018-10-21 18:15:17,908 - Default ResourceManager initialization complete.
2018-10-21 18:15:17,912 - Loaded System Directive: org.apache.velocity.runtime.directive.Literal
2018-10-21 18:15:17,916 - Loaded System Directive: org.apache.velocity.runtime.directive.Macro
2018-10-21 18:15:17,922 - Loaded System Directive: org.apache.velocity.runtime.directive.Parse
2018-10-21 18:15:17,926 - Loaded System Directive: org.apache.velocity.runtime.directive.Include
2018-10-21 18:15:17,928 - Loaded System Directive: org.apache.velocity.runtime.directive.Foreach
2018-10-21 18:15:17,968 - Created: 20 parsers.
2018-10-21 18:15:17,985 - Velocimacro : initialization starting.
2018-10-21 18:15:17,985 - Velocimacro : adding VMs from VM library template : VM_global_library.vm
2018-10-21 18:15:17,989 - ResourceManager : unable to find resource 'VM_global_library.vm' in any resource loader.
2018-10-21 18:15:17,989 - Velocimacro : error using  VM library template VM_global_library.vm : org.apache.velocity.exception.ResourceNotFoundException: Unable to find resource 'VM_global_library.vm'
2018-10-21 18:15:17,989 - Velocimacro :  VM library template macro registration complete.
2018-10-21 18:15:17,989 - Velocimacro : allowInline = true : VMs can be defined inline in templates
2018-10-21 18:15:17,989 - Velocimacro : allowInlineToOverride = false : VMs defined inline may NOT replace previous VM definitions
2018-10-21 18:15:17,990 - Velocimacro : allowInlineLocal = false : VMs defined inline will be  global in scope if allowed.
2018-10-21 18:15:17,990 - Velocimacro : messages on  : VM system will output logging messages
2018-10-21 18:15:17,990 - Velocimacro : autoload off  : VM system will not automatically reload global library macros
2018-10-21 18:15:17,990 - Velocimacro : initialization complete.
2018-10-21 18:15:17,990 - Velocity successfully started.
2018-10-21 19:12:58,720 - SimpleLog4JLogSystem initialized using logfile 'velocity.log'
2018-10-21 19:12:58,722 - ************************************************************** 
2018-10-21 19:12:58,722 - Starting Jakarta Velocity v1.4
2018-10-21 19:12:58,722 - RuntimeInstance initializing.
2018-10-21 19:12:58,722 - Default Properties File: org/apache/velocity/runtime/defaults/velocity.properties
2018-10-21 19:12:58,722 - Trying to use logger class org.apache.velocity.runtime.log.SimpleLog4JLogSystem
2018-10-21 19:12:58,722 - Using logger class org.apache.velocity.runtime.log.SimpleLog4JLogSystem
2018-10-21 19:12:58,729 - Default ResourceManager initializing. (class org.apache.velocity.runtime.resource.ResourceManagerImpl)
2018-10-21 19:12:58,735 - Resource Loader Instantiated: org.apache.velocity.runtime.resource.loader.ClasspathResourceLoader
2018-10-21 19:12:58,735 - ClasspathResourceLoader : initialization starting.
2018-10-21 19:12:58,735 - ClasspathResourceLoader : initialization complete.
2018-10-21 19:12:58,739 - ResourceCache : initialized. (class org.apache.velocity.runtime.resource.ResourceCacheImpl)
2018-10-21 19:12:58,739 - Default ResourceManager initialization complete.
2018-10-21 19:12:58,743 - Loaded System Directive: org.apache.velocity.runtime.directive.Literal
2018-10-21 19:12:58,747 - Loaded System Directive: org.apache.velocity.runtime.directive.Macro
2018-10-21 19:12:58,752 - Loaded System Directive: org.apache.velocity.runtime.directive.Parse
2018-10-21 19:12:58,756 - Loaded System Directive: org.apache.velocity.runtime.directive.Include
2018-10-21 19:12:58,758 - Loaded System Directive: org.apache.velocity.runtime.directive.Foreach
2018-10-21 19:12:58,795 - Created: 20 parsers.
2018-10-21 19:12:58,812 - Velocimacro : initialization starting.
2018-10-21 19:12:58,812 - Velocimacro : adding VMs from VM library template : VM_global_library.vm
2018-10-21 19:12:58,821 - ResourceManager : unable to find resource 'VM_global_library.vm' in any resource loader.
2018-10-21 19:12:58,821 - Velocimacro : error using  VM library template VM_global_library.vm : org.apache.velocity.exception.ResourceNotFoundException: Unable to find resource 'VM_global_library.vm'
2018-10-21 19:12:58,821 - Velocimacro :  VM library template macro registration complete.
2018-10-21 19:12:58,821 - Velocimacro : allowInline = true : VMs can be defined inline in templates
2018-10-21 19:12:58,821 - Velocimacro : allowInlineToOverride = false : VMs defined inline may NOT replace previous VM definitions
2018-10-21 19:12:58,821 - Velocimacro : allowInlineLocal = false : VMs defined inline will be  global in scope if allowed.
2018-10-21 19:12:58,821 - Velocimacro : messages on  : VM system will output logging messages
2018-10-21 19:12:58,821 - Velocimacro : autoload off  : VM system will not automatically reload global library macros
2018-10-21 19:12:58,821 - Velocimacro : initialization complete.
2018-10-21 19:12:58,821 - Velocity successfully started.
2018-10-21 19:14:03,627 - SimpleLog4JLogSystem initialized using logfile 'velocity.log'
2018-10-21 19:14:03,627 - ************************************************************** 
2018-10-21 19:14:03,627 - Starting Jakarta Velocity v1.4
2018-10-21 19:14:03,627 - RuntimeInstance initializing.
2018-10-21 19:14:03,627 - Default Properties File: org/apache/velocity/runtime/defaults/velocity.properties
2018-10-21 19:14:03,627 - Trying to use logger class org.apache.velocity.runtime.log.SimpleLog4JLogSystem
2018-10-21 19:14:03,627 - Using logger class org.apache.velocity.runtime.log.SimpleLog4JLogSystem
2018-10-21 19:14:03,634 - Default ResourceManager initializing. (class org.apache.velocity.runtime.resource.ResourceManagerImpl)
2018-10-21 19:14:03,640 - Resource Loader Instantiated: org.apache.velocity.runtime.resource.loader.ClasspathResourceLoader
2018-10-21 19:14:03,641 - ClasspathResourceLoader : initialization starting.
2018-10-21 19:14:03,641 - ClasspathResourceLoader : initialization complete.
2018-10-21 19:14:03,644 - ResourceCache : initialized. (class org.apache.velocity.runtime.resource.ResourceCacheImpl)
2018-10-21 19:14:03,644 - Default ResourceManager initialization complete.
2018-10-21 19:14:03,648 - Loaded System Directive: org.apache.velocity.runtime.directive.Literal
2018-10-21 19:14:03,652 - Loaded System Directive: org.apache.velocity.runtime.directive.Macro
2018-10-21 19:14:03,657 - Loaded System Directive: org.apache.velocity.runtime.directive.Parse
2018-10-21 19:14:03,661 - Loaded System Directive: org.apache.velocity.runtime.directive.Include
2018-10-21 19:14:03,663 - Loaded System Directive: org.apache.velocity.runtime.directive.Foreach
2018-10-21 19:14:03,700 - Created: 20 parsers.
2018-10-21 19:14:03,716 - Velocimacro : initialization starting.
2018-10-21 19:14:03,716 - Velocimacro : adding VMs from VM library template : VM_global_library.vm
2018-10-21 19:14:03,724 - ResourceManager : unable to find resource 'VM_global_library.vm' in any resource loader.
2018-10-21 19:14:03,724 - Velocimacro : error using  VM library template VM_global_library.vm : org.apache.velocity.exception.ResourceNotFoundException: Unable to find resource 'VM_global_library.vm'
2018-10-21 19:14:03,724 - Velocimacro :  VM library template macro registration complete.
2018-10-21 19:14:03,724 - Velocimacro : allowInline = true : VMs can be defined inline in templates
2018-10-21 19:14:03,724 - Velocimacro : allowInlineToOverride = false : VMs defined inline may NOT replace previous VM definitions
2018-10-21 19:14:03,724 - Velocimacro : allowInlineLocal = false : VMs defined inline will be  global in scope if allowed.
2018-10-21 19:14:03,724 - Velocimacro : messages on  : VM system will output logging messages
2018-10-21 19:14:03,724 - Velocimacro : autoload off  : VM system will not automatically reload global library macros
2018-10-21 19:14:03,725 - Velocimacro : initialization complete.
2018-10-21 19:14:03,725 - Velocity successfully started.
2018-10-21 19:14:56,718 - SimpleLog4JLogSystem initialized using logfile 'velocity.log'
2018-10-21 19:14:56,719 - ************************************************************** 
2018-10-21 19:14:56,719 - Starting Jakarta Velocity v1.4
2018-10-21 19:14:56,719 - RuntimeInstance initializing.
2018-10-21 19:14:56,719 - Default Properties File: org/apache/velocity/runtime/defaults/velocity.properties
2018-10-21 19:14:56,719 - Trying to use logger class org.apache.velocity.runtime.log.SimpleLog4JLogSystem
2018-10-21 19:14:56,719 - Using logger class org.apache.velocity.runtime.log.SimpleLog4JLogSystem
2018-10-21 19:14:56,727 - Default ResourceManager initializing. (class org.apache.velocity.runtime.resource.ResourceManagerImpl)
2018-10-21 19:14:56,734 - Resource Loader Instantiated: org.apache.velocity.runtime.resource.loader.ClasspathResourceLoader
2018-10-21 19:14:56,734 - ClasspathResourceLoader : initialization starting.
2018-10-21 19:14:56,734 - ClasspathResourceLoader : initialization complete.
2018-10-21 19:14:56,738 - ResourceCache : initialized. (class org.apache.velocity.runtime.resource.ResourceCacheImpl)
2018-10-21 19:14:56,738 - Default ResourceManager initialization complete.
2018-10-21 19:14:56,742 - Loaded System Directive: org.apache.velocity.runtime.directive.Literal
2018-10-21 19:14:56,746 - Loaded System Directive: org.apache.velocity.runtime.directive.Macro
2018-10-21 19:14:56,751 - Loaded System Directive: org.apache.velocity.runtime.directive.Parse
2018-10-21 19:14:56,755 - Loaded System Directive: org.apache.velocity.runtime.directive.Include
2018-10-21 19:14:56,757 - Loaded System Directive: org.apache.velocity.runtime.directive.Foreach
2018-10-21 19:14:56,794 - Created: 20 parsers.
2018-10-21 19:14:56,810 - Velocimacro : initialization starting.
2018-10-21 19:14:56,811 - Velocimacro : adding VMs from VM library template : VM_global_library.vm
2018-10-21 19:14:56,818 - ResourceManager : unable to find resource 'VM_global_library.vm' in any resource loader.
2018-10-21 19:14:56,818 - Velocimacro : error using  VM library template VM_global_library.vm : org.apache.velocity.exception.ResourceNotFoundException: Unable to find resource 'VM_global_library.vm'
2018-10-21 19:14:56,818 - Velocimacro :  VM library template macro registration complete.
2018-10-21 19:14:56,818 - Velocimacro : allowInline = true : VMs can be defined inline in templates
2018-10-21 19:14:56,818 - Velocimacro : allowInlineToOverride = false : VMs defined inline may NOT replace previous VM definitions
2018-10-21 19:14:56,818 - Velocimacro : allowInlineLocal = false : VMs defined inline will be  global in scope if allowed.
2018-10-21 19:14:56,818 - Velocimacro : messages on  : VM system will output logging messages
2018-10-21 19:14:56,818 - Velocimacro : autoload off  : VM system will not automatically reload global library macros
2018-10-21 19:14:56,818 - Velocimacro : initialization complete.
2018-10-21 19:14:56,819 - Velocity successfully started.
2018-10-21 19:29:39,586 - SimpleLog4JLogSystem initialized using logfile 'velocity.log'
2018-10-21 19:29:39,586 - ************************************************************** 
2018-10-21 19:29:39,586 - Starting Jakarta Velocity v1.4
2018-10-21 19:29:39,586 - RuntimeInstance initializing.
2018-10-21 19:29:39,586 - Default Properties File: org/apache/velocity/runtime/defaults/velocity.properties
2018-10-21 19:29:39,586 - Trying to use logger class org.apache.velocity.runtime.log.SimpleLog4JLogSystem
2018-10-21 19:29:39,586 - Using logger class org.apache.velocity.runtime.log.SimpleLog4JLogSystem
2018-10-21 19:29:39,594 - Default ResourceManager initializing. (class org.apache.velocity.runtime.resource.ResourceManagerImpl)
2018-10-21 19:29:39,600 - Resource Loader Instantiated: org.apache.velocity.runtime.resource.loader.ClasspathResourceLoader
2018-10-21 19:29:39,600 - ClasspathResourceLoader : initialization starting.
2018-10-21 19:29:39,600 - ClasspathResourceLoader : initialization complete.
2018-10-21 19:29:39,604 - ResourceCache : initialized. (class org.apache.velocity.runtime.resource.ResourceCacheImpl)
2018-10-21 19:29:39,604 - Default ResourceManager initialization complete.
2018-10-21 19:29:39,607 - Loaded System Directive: org.apache.velocity.runtime.directive.Literal
2018-10-21 19:29:39,611 - Loaded System Directive: org.apache.velocity.runtime.directive.Macro
2018-10-21 19:29:39,617 - Loaded System Directive: org.apache.velocity.runtime.directive.Parse
2018-10-21 19:29:39,621 - Loaded System Directive: org.apache.velocity.runtime.directive.Include
2018-10-21 19:29:39,622 - Loaded System Directive: org.apache.velocity.runtime.directive.Foreach
2018-10-21 19:29:39,660 - Created: 20 parsers.
2018-10-21 19:29:39,676 - Velocimacro : initialization starting.
2018-10-21 19:29:39,676 - Velocimacro : adding VMs from VM library template : VM_global_library.vm
2018-10-21 19:29:39,684 - ResourceManager : unable to find resource 'VM_global_library.vm' in any resource loader.
2018-10-21 19:29:39,684 - Velocimacro : error using  VM library template VM_global_library.vm : org.apache.velocity.exception.ResourceNotFoundException: Unable to find resource 'VM_global_library.vm'
2018-10-21 19:29:39,684 - Velocimacro :  VM library template macro registration complete.
2018-10-21 19:29:39,684 - Velocimacro : allowInline = true : VMs can be defined inline in templates
2018-10-21 19:29:39,684 - Velocimacro : allowInlineToOverride = false : VMs defined inline may NOT replace previous VM definitions
2018-10-21 19:29:39,684 - Velocimacro : allowInlineLocal = false : VMs defined inline will be  global in scope if allowed.
2018-10-21 19:29:39,684 - Velocimacro : messages on  : VM system will output logging messages
2018-10-21 19:29:39,684 - Velocimacro : autoload off  : VM system will not automatically reload global library macros
2018-10-21 19:29:39,684 - Velocimacro : initialization complete.
2018-10-21 19:29:39,684 - Velocity successfully started.
2018-10-21 19:39:07,259 - ResourceManager : found repast/simphony/scenario/Scenario.vt with loader org.apache.velocity.runtime.resource.loader.ClasspathResourceLoader
=======
2018-10-21 21:27:25,519 - SimpleLog4JLogSystem initialized using logfile 'velocity.log'
2018-10-21 21:27:25,519 - ************************************************************** 
2018-10-21 21:27:25,519 - Starting Jakarta Velocity v1.4
2018-10-21 21:27:25,519 - RuntimeInstance initializing.
2018-10-21 21:27:25,519 - Default Properties File: org\apache\velocity\runtime\defaults\velocity.properties
2018-10-21 21:27:25,519 - Trying to use logger class org.apache.velocity.runtime.log.SimpleLog4JLogSystem
2018-10-21 21:27:25,519 - Using logger class org.apache.velocity.runtime.log.SimpleLog4JLogSystem
2018-10-21 21:27:25,521 - Default ResourceManager initializing. (class org.apache.velocity.runtime.resource.ResourceManagerImpl)
2018-10-21 21:27:25,522 - Resource Loader Instantiated: org.apache.velocity.runtime.resource.loader.ClasspathResourceLoader
2018-10-21 21:27:25,523 - ClasspathResourceLoader : initialization starting.
2018-10-21 21:27:25,523 - ClasspathResourceLoader : initialization complete.
2018-10-21 21:27:25,524 - ResourceCache : initialized. (class org.apache.velocity.runtime.resource.ResourceCacheImpl)
2018-10-21 21:27:25,524 - Default ResourceManager initialization complete.
2018-10-21 21:27:25,526 - Loaded System Directive: org.apache.velocity.runtime.directive.Literal
2018-10-21 21:27:25,527 - Loaded System Directive: org.apache.velocity.runtime.directive.Macro
2018-10-21 21:27:25,529 - Loaded System Directive: org.apache.velocity.runtime.directive.Parse
2018-10-21 21:27:25,530 - Loaded System Directive: org.apache.velocity.runtime.directive.Include
2018-10-21 21:27:25,530 - Loaded System Directive: org.apache.velocity.runtime.directive.Foreach
2018-10-21 21:27:25,548 - Created: 20 parsers.
2018-10-21 21:27:25,553 - Velocimacro : initialization starting.
2018-10-21 21:27:25,553 - Velocimacro : adding VMs from VM library template : VM_global_library.vm
2018-10-21 21:27:25,564 - ResourceManager : unable to find resource 'VM_global_library.vm' in any resource loader.
2018-10-21 21:27:25,564 - Velocimacro : error using  VM library template VM_global_library.vm : org.apache.velocity.exception.ResourceNotFoundException: Unable to find resource 'VM_global_library.vm'
2018-10-21 21:27:25,564 - Velocimacro :  VM library template macro registration complete.
2018-10-21 21:27:25,564 - Velocimacro : allowInline = true : VMs can be defined inline in templates
2018-10-21 21:27:25,565 - Velocimacro : allowInlineToOverride = false : VMs defined inline may NOT replace previous VM definitions
2018-10-21 21:27:25,565 - Velocimacro : allowInlineLocal = false : VMs defined inline will be  global in scope if allowed.
2018-10-21 21:27:25,565 - Velocimacro : messages on  : VM system will output logging messages
2018-10-21 21:27:25,565 - Velocimacro : autoload off  : VM system will not automatically reload global library macros
2018-10-21 21:27:25,565 - Velocimacro : initialization complete.
2018-10-21 21:27:25,565 - Velocity successfully started.
2018-10-21 21:28:00,773 - ResourceManager : found repast/simphony/scenario/Scenario.vt with loader org.apache.velocity.runtime.resource.loader.ClasspathResourceLoader
2018-10-21 21:30:01,637 - SimpleLog4JLogSystem initialized using logfile 'velocity.log'
2018-10-21 21:30:01,637 - ************************************************************** 
2018-10-21 21:30:01,637 - Starting Jakarta Velocity v1.4
2018-10-21 21:30:01,637 - RuntimeInstance initializing.
2018-10-21 21:30:01,637 - Default Properties File: org\apache\velocity\runtime\defaults\velocity.properties
2018-10-21 21:30:01,637 - Trying to use logger class org.apache.velocity.runtime.log.SimpleLog4JLogSystem
2018-10-21 21:30:01,637 - Using logger class org.apache.velocity.runtime.log.SimpleLog4JLogSystem
2018-10-21 21:30:01,639 - Default ResourceManager initializing. (class org.apache.velocity.runtime.resource.ResourceManagerImpl)
2018-10-21 21:30:01,641 - Resource Loader Instantiated: org.apache.velocity.runtime.resource.loader.ClasspathResourceLoader
2018-10-21 21:30:01,641 - ClasspathResourceLoader : initialization starting.
2018-10-21 21:30:01,641 - ClasspathResourceLoader : initialization complete.
2018-10-21 21:30:01,642 - ResourceCache : initialized. (class org.apache.velocity.runtime.resource.ResourceCacheImpl)
2018-10-21 21:30:01,642 - Default ResourceManager initialization complete.
2018-10-21 21:30:01,644 - Loaded System Directive: org.apache.velocity.runtime.directive.Literal
2018-10-21 21:30:01,645 - Loaded System Directive: org.apache.velocity.runtime.directive.Macro
2018-10-21 21:30:01,647 - Loaded System Directive: org.apache.velocity.runtime.directive.Parse
2018-10-21 21:30:01,648 - Loaded System Directive: org.apache.velocity.runtime.directive.Include
2018-10-21 21:30:01,649 - Loaded System Directive: org.apache.velocity.runtime.directive.Foreach
2018-10-21 21:30:01,667 - Created: 20 parsers.
2018-10-21 21:30:01,671 - Velocimacro : initialization starting.
2018-10-21 21:30:01,671 - Velocimacro : adding VMs from VM library template : VM_global_library.vm
2018-10-21 21:30:01,683 - ResourceManager : unable to find resource 'VM_global_library.vm' in any resource loader.
2018-10-21 21:30:01,684 - Velocimacro : error using  VM library template VM_global_library.vm : org.apache.velocity.exception.ResourceNotFoundException: Unable to find resource 'VM_global_library.vm'
2018-10-21 21:30:01,684 - Velocimacro :  VM library template macro registration complete.
2018-10-21 21:30:01,684 - Velocimacro : allowInline = true : VMs can be defined inline in templates
2018-10-21 21:30:01,684 - Velocimacro : allowInlineToOverride = false : VMs defined inline may NOT replace previous VM definitions
2018-10-21 21:30:01,684 - Velocimacro : allowInlineLocal = false : VMs defined inline will be  global in scope if allowed.
2018-10-21 21:30:01,684 - Velocimacro : messages on  : VM system will output logging messages
2018-10-21 21:30:01,684 - Velocimacro : autoload off  : VM system will not automatically reload global library macros
2018-10-21 21:30:01,684 - Velocimacro : initialization complete.
2018-10-21 21:30:01,684 - Velocity successfully started.
2018-10-21 21:31:10,279 - SimpleLog4JLogSystem initialized using logfile 'velocity.log'
2018-10-21 21:31:10,279 - ************************************************************** 
2018-10-21 21:31:10,279 - Starting Jakarta Velocity v1.4
2018-10-21 21:31:10,279 - RuntimeInstance initializing.
2018-10-21 21:31:10,279 - Default Properties File: org\apache\velocity\runtime\defaults\velocity.properties
2018-10-21 21:31:10,279 - Trying to use logger class org.apache.velocity.runtime.log.SimpleLog4JLogSystem
2018-10-21 21:31:10,279 - Using logger class org.apache.velocity.runtime.log.SimpleLog4JLogSystem
2018-10-21 21:31:10,281 - Default ResourceManager initializing. (class org.apache.velocity.runtime.resource.ResourceManagerImpl)
2018-10-21 21:31:10,282 - Resource Loader Instantiated: org.apache.velocity.runtime.resource.loader.ClasspathResourceLoader
2018-10-21 21:31:10,283 - ClasspathResourceLoader : initialization starting.
2018-10-21 21:31:10,283 - ClasspathResourceLoader : initialization complete.
2018-10-21 21:31:10,284 - ResourceCache : initialized. (class org.apache.velocity.runtime.resource.ResourceCacheImpl)
2018-10-21 21:31:10,284 - Default ResourceManager initialization complete.
2018-10-21 21:31:10,286 - Loaded System Directive: org.apache.velocity.runtime.directive.Literal
2018-10-21 21:31:10,287 - Loaded System Directive: org.apache.velocity.runtime.directive.Macro
2018-10-21 21:31:10,289 - Loaded System Directive: org.apache.velocity.runtime.directive.Parse
2018-10-21 21:31:10,290 - Loaded System Directive: org.apache.velocity.runtime.directive.Include
2018-10-21 21:31:10,290 - Loaded System Directive: org.apache.velocity.runtime.directive.Foreach
2018-10-21 21:31:10,308 - Created: 20 parsers.
2018-10-21 21:31:10,313 - Velocimacro : initialization starting.
2018-10-21 21:31:10,313 - Velocimacro : adding VMs from VM library template : VM_global_library.vm
2018-10-21 21:31:10,325 - ResourceManager : unable to find resource 'VM_global_library.vm' in any resource loader.
2018-10-21 21:31:10,325 - Velocimacro : error using  VM library template VM_global_library.vm : org.apache.velocity.exception.ResourceNotFoundException: Unable to find resource 'VM_global_library.vm'
2018-10-21 21:31:10,325 - Velocimacro :  VM library template macro registration complete.
2018-10-21 21:31:10,325 - Velocimacro : allowInline = true : VMs can be defined inline in templates
2018-10-21 21:31:10,325 - Velocimacro : allowInlineToOverride = false : VMs defined inline may NOT replace previous VM definitions
2018-10-21 21:31:10,325 - Velocimacro : allowInlineLocal = false : VMs defined inline will be  global in scope if allowed.
2018-10-21 21:31:10,325 - Velocimacro : messages on  : VM system will output logging messages
2018-10-21 21:31:10,325 - Velocimacro : autoload off  : VM system will not automatically reload global library macros
2018-10-21 21:31:10,325 - Velocimacro : initialization complete.
2018-10-21 21:31:10,325 - Velocity successfully started.
>>>>>>> branch 'kws-moose' of https://github.com/fwitmer/tick_test.git
